Analysis & Synthesis report for practica4
Wed Nov 30 16:31:20 2022
Quartus II 64-Bit Version 13.1.0 Build 162 10/23/2013 SJ Web Edition


---------------------
; Table of Contents ;
---------------------
  1. Legal Notice
  2. Analysis & Synthesis Summary
  3. Analysis & Synthesis Settings
  4. Parallel Compilation
  5. Analysis & Synthesis Source Files Read
  6. Analysis & Synthesis Resource Usage Summary
  7. Analysis & Synthesis Resource Utilization by Entity
  8. User-Specified and Inferred Latches
  9. General Register Statistics
 10. Multiplexer Restructuring Statistics (Restructuring Performed)
 11. Parameter Settings for Inferred Entity Instance: lpm_add_sub:Add0
 12. Parameter Settings for Inferred Entity Instance: lpm_mult:Mult0
 13. lpm_mult Parameter Settings by Entity Instance
 14. Port Connectivity Checks: "decoder:u1"
 15. Elapsed Time Per Partition
 16. Analysis & Synthesis Messages



----------------
; Legal Notice ;
----------------
Copyright (C) 1991-2013 Altera Corporation
Your use of Altera Corporation's design tools, logic functions 
and other software and tools, and its AMPP partner logic 
functions, and any output files from any of the foregoing 
(including device programming or simulation files), and any 
associated documentation or information are expressly subject 
to the terms and conditions of the Altera Program License 
Subscription Agreement, Altera MegaCore Function License 
Agreement, or other applicable license agreement, including, 
without limitation, that your use is for the sole purpose of 
programming logic devices manufactured by Altera and sold by 
Altera or its authorized distributors.  Please refer to the 
applicable agreement for further details.



+---------------------------------------------------------------------------------+
; Analysis & Synthesis Summary                                                    ;
+------------------------------------+--------------------------------------------+
; Analysis & Synthesis Status        ; Successful - Wed Nov 30 16:31:20 2022      ;
; Quartus II 64-Bit Version          ; 13.1.0 Build 162 10/23/2013 SJ Web Edition ;
; Revision Name                      ; practica4                                  ;
; Top-level Entity Name              ; practica4                                  ;
; Family                             ; Cyclone IV E                               ;
; Total logic elements               ; 54                                         ;
;     Total combinational functions  ; 54                                         ;
;     Dedicated logic registers      ; 0                                          ;
; Total registers                    ; 0                                          ;
; Total pins                         ; 21                                         ;
; Total virtual pins                 ; 0                                          ;
; Total memory bits                  ; 0                                          ;
; Embedded Multiplier 9-bit elements ; 0                                          ;
; Total PLLs                         ; 0                                          ;
+------------------------------------+--------------------------------------------+


+----------------------------------------------------------------------------------------------------------------------+
; Analysis & Synthesis Settings                                                                                        ;
+----------------------------------------------------------------------------+--------------------+--------------------+
; Option                                                                     ; Setting            ; Default Value      ;
+----------------------------------------------------------------------------+--------------------+--------------------+
; Device                                                                     ; EP4CE6E22C8        ;                    ;
; Top-level entity name                                                      ; practica4          ; practica4          ;
; Family name                                                                ; Cyclone IV E       ; Cyclone IV GX      ;
; Use smart compilation                                                      ; Off                ; Off                ;
; Enable parallel Assembler and TimeQuest Timing Analyzer during compilation ; On                 ; On                 ;
; Enable compact report table                                                ; Off                ; Off                ;
; Restructure Multiplexers                                                   ; Auto               ; Auto               ;
; Create Debugging Nodes for IP Cores                                        ; Off                ; Off                ;
; Preserve fewer node names                                                  ; On                 ; On                 ;
; Disable OpenCore Plus hardware evaluation                                  ; Off                ; Off                ;
; Verilog Version                                                            ; Verilog_2001       ; Verilog_2001       ;
; VHDL Version                                                               ; VHDL_1993          ; VHDL_1993          ;
; State Machine Processing                                                   ; Auto               ; Auto               ;
; Safe State Machine                                                         ; Off                ; Off                ;
; Extract Verilog State Machines                                             ; On                 ; On                 ;
; Extract VHDL State Machines                                                ; On                 ; On                 ;
; Ignore Verilog initial constructs                                          ; Off                ; Off                ;
; Iteration limit for constant Verilog loops                                 ; 5000               ; 5000               ;
; Iteration limit for non-constant Verilog loops                             ; 250                ; 250                ;
; Add Pass-Through Logic to Inferred RAMs                                    ; On                 ; On                 ;
; Infer RAMs from Raw Logic                                                  ; On                 ; On                 ;
; Parallel Synthesis                                                         ; On                 ; On                 ;
; DSP Block Balancing                                                        ; Auto               ; Auto               ;
; NOT Gate Push-Back                                                         ; On                 ; On                 ;
; Power-Up Don't Care                                                        ; On                 ; On                 ;
; Remove Redundant Logic Cells                                               ; Off                ; Off                ;
; Remove Duplicate Registers                                                 ; On                 ; On                 ;
; Ignore CARRY Buffers                                                       ; Off                ; Off                ;
; Ignore CASCADE Buffers                                                     ; Off                ; Off                ;
; Ignore GLOBAL Buffers                                                      ; Off                ; Off                ;
; Ignore ROW GLOBAL Buffers                                                  ; Off                ; Off                ;
; Ignore LCELL Buffers                                                       ; Off                ; Off                ;
; Ignore SOFT Buffers                                                        ; On                 ; On                 ;
; Limit AHDL Integers to 32 Bits                                             ; Off                ; Off                ;
; Optimization Technique                                                     ; Balanced           ; Balanced           ;
; Carry Chain Length                                                         ; 70                 ; 70                 ;
; Auto Carry Chains                                                          ; On                 ; On                 ;
; Auto Open-Drain Pins                                                       ; On                 ; On                 ;
; Perform WYSIWYG Primitive Resynthesis                                      ; Off                ; Off                ;
; Auto ROM Replacement                                                       ; On                 ; On                 ;
; Auto RAM Replacement                                                       ; On                 ; On                 ;
; Auto DSP Block Replacement                                                 ; On                 ; On                 ;
; Auto Shift Register Replacement                                            ; Auto               ; Auto               ;
; Allow Shift Register Merging across Hierarchies                            ; Auto               ; Auto               ;
; Auto Clock Enable Replacement                                              ; On                 ; On                 ;
; Strict RAM Replacement                                                     ; Off                ; Off                ;
; Allow Synchronous Control Signals                                          ; On                 ; On                 ;
; Force Use of Synchronous Clear Signals                                     ; Off                ; Off                ;
; Auto RAM Block Balancing                                                   ; On                 ; On                 ;
; Auto RAM to Logic Cell Conversion                                          ; Off                ; Off                ;
; Auto Resource Sharing                                                      ; Off                ; Off                ;
; Allow Any RAM Size For Recognition                                         ; Off                ; Off                ;
; Allow Any ROM Size For Recognition                                         ; Off                ; Off                ;
; Allow Any Shift Register Size For Recognition                              ; Off                ; Off                ;
; Use LogicLock Constraints during Resource Balancing                        ; On                 ; On                 ;
; Ignore translate_off and synthesis_off directives                          ; Off                ; Off                ;
; Timing-Driven Synthesis                                                    ; On                 ; On                 ;
; Report Parameter Settings                                                  ; On                 ; On                 ;
; Report Source Assignments                                                  ; On                 ; On                 ;
; Report Connectivity Checks                                                 ; On                 ; On                 ;
; Ignore Maximum Fan-Out Assignments                                         ; Off                ; Off                ;
; Synchronization Register Chain Length                                      ; 2                  ; 2                  ;
; PowerPlay Power Optimization                                               ; Normal compilation ; Normal compilation ;
; HDL message level                                                          ; Level2             ; Level2             ;
; Suppress Register Optimization Related Messages                            ; Off                ; Off                ;
; Number of Removed Registers Reported in Synthesis Report                   ; 5000               ; 5000               ;
; Number of Swept Nodes Reported in Synthesis Report                         ; 5000               ; 5000               ;
; Number of Inverted Registers Reported in Synthesis Report                  ; 100                ; 100                ;
; Clock MUX Protection                                                       ; On                 ; On                 ;
; Auto Gated Clock Conversion                                                ; Off                ; Off                ;
; Block Design Naming                                                        ; Auto               ; Auto               ;
; SDC constraint protection                                                  ; Off                ; Off                ;
; Synthesis Effort                                                           ; Auto               ; Auto               ;
; Shift Register Replacement - Allow Asynchronous Clear Signal               ; On                 ; On                 ;
; Pre-Mapping Resynthesis Optimization                                       ; Off                ; Off                ;
; Analysis & Synthesis Message Level                                         ; Medium             ; Medium             ;
; Disable Register Merging Across Hierarchies                                ; Auto               ; Auto               ;
; Resource Aware Inference For Block RAM                                     ; On                 ; On                 ;
; Synthesis Seed                                                             ; 1                  ; 1                  ;
+----------------------------------------------------------------------------+--------------------+--------------------+


Parallel compilation was disabled, but you have multiple processors available. Enable parallel compilation to reduce compilation time.
+-------------------------------------+
; Parallel Compilation                ;
+----------------------------+--------+
; Processors                 ; Number ;
+----------------------------+--------+
; Number detected on machine ; 8      ;
; Maximum allowed            ; 1      ;
+----------------------------+--------+


+------------------------------------------------------------------------------------------------------------------------------------------------------------------------------+
; Analysis & Synthesis Source Files Read                                                                                                                                       ;
+----------------------------------+-----------------+------------------------------+--------------------------------------------------------------------------------+---------+
; File Name with User-Entered Path ; Used in Netlist ; File Type                    ; File Name with Absolute Path                                                   ; Library ;
+----------------------------------+-----------------+------------------------------+--------------------------------------------------------------------------------+---------+
; practica4.vhd                    ; yes             ; User VHDL File               ; C:/Users/sergio/Documents/GitHub/CIRCUITOSLOGICOS/practica4/practica4.vhd      ;         ;
; lpm_add_sub.tdf                  ; yes             ; Megafunction                 ; c:/altera/13.1/quartus/libraries/megafunctions/lpm_add_sub.tdf                 ;         ;
; addcore.inc                      ; yes             ; Megafunction                 ; c:/altera/13.1/quartus/libraries/megafunctions/addcore.inc                     ;         ;
; look_add.inc                     ; yes             ; Megafunction                 ; c:/altera/13.1/quartus/libraries/megafunctions/look_add.inc                    ;         ;
; bypassff.inc                     ; yes             ; Megafunction                 ; c:/altera/13.1/quartus/libraries/megafunctions/bypassff.inc                    ;         ;
; altshift.inc                     ; yes             ; Megafunction                 ; c:/altera/13.1/quartus/libraries/megafunctions/altshift.inc                    ;         ;
; alt_stratix_add_sub.inc          ; yes             ; Megafunction                 ; c:/altera/13.1/quartus/libraries/megafunctions/alt_stratix_add_sub.inc         ;         ;
; aglobal131.inc                   ; yes             ; Megafunction                 ; c:/altera/13.1/quartus/libraries/megafunctions/aglobal131.inc                  ;         ;
; db/add_sub_7ui.tdf               ; yes             ; Auto-Generated Megafunction  ; C:/Users/sergio/Documents/GitHub/CIRCUITOSLOGICOS/practica4/db/add_sub_7ui.tdf ;         ;
; lpm_mult.tdf                     ; yes             ; Megafunction                 ; c:/altera/13.1/quartus/libraries/megafunctions/lpm_mult.tdf                    ;         ;
; lpm_add_sub.inc                  ; yes             ; Megafunction                 ; c:/altera/13.1/quartus/libraries/megafunctions/lpm_add_sub.inc                 ;         ;
; multcore.inc                     ; yes             ; Megafunction                 ; c:/altera/13.1/quartus/libraries/megafunctions/multcore.inc                    ;         ;
; multcore.tdf                     ; yes             ; Megafunction                 ; c:/altera/13.1/quartus/libraries/megafunctions/multcore.tdf                    ;         ;
; csa_add.inc                      ; yes             ; Megafunction                 ; c:/altera/13.1/quartus/libraries/megafunctions/csa_add.inc                     ;         ;
; mpar_add.inc                     ; yes             ; Megafunction                 ; c:/altera/13.1/quartus/libraries/megafunctions/mpar_add.inc                    ;         ;
; muleabz.inc                      ; yes             ; Megafunction                 ; c:/altera/13.1/quartus/libraries/megafunctions/muleabz.inc                     ;         ;
; mul_lfrg.inc                     ; yes             ; Megafunction                 ; c:/altera/13.1/quartus/libraries/megafunctions/mul_lfrg.inc                    ;         ;
; mul_boothc.inc                   ; yes             ; Megafunction                 ; c:/altera/13.1/quartus/libraries/megafunctions/mul_boothc.inc                  ;         ;
; alt_ded_mult.inc                 ; yes             ; Megafunction                 ; c:/altera/13.1/quartus/libraries/megafunctions/alt_ded_mult.inc                ;         ;
; alt_ded_mult_y.inc               ; yes             ; Megafunction                 ; c:/altera/13.1/quartus/libraries/megafunctions/alt_ded_mult_y.inc              ;         ;
; dffpipe.inc                      ; yes             ; Megafunction                 ; c:/altera/13.1/quartus/libraries/megafunctions/dffpipe.inc                     ;         ;
; mpar_add.tdf                     ; yes             ; Megafunction                 ; c:/altera/13.1/quartus/libraries/megafunctions/mpar_add.tdf                    ;         ;
; db/add_sub_ibh.tdf               ; yes             ; Auto-Generated Megafunction  ; C:/Users/sergio/Documents/GitHub/CIRCUITOSLOGICOS/practica4/db/add_sub_ibh.tdf ;         ;
; db/add_sub_jbh.tdf               ; yes             ; Auto-Generated Megafunction  ; C:/Users/sergio/Documents/GitHub/CIRCUITOSLOGICOS/practica4/db/add_sub_jbh.tdf ;         ;
; altshift.tdf                     ; yes             ; Megafunction                 ; c:/altera/13.1/quartus/libraries/megafunctions/altshift.tdf                    ;         ;
+----------------------------------+-----------------+------------------------------+--------------------------------------------------------------------------------+---------+


+------------------------------------------------------------+
; Analysis & Synthesis Resource Usage Summary                ;
+---------------------------------------------+--------------+
; Resource                                    ; Usage        ;
+---------------------------------------------+--------------+
; Estimated Total logic elements              ; 54           ;
;                                             ;              ;
; Total combinational functions               ; 54           ;
; Logic element usage by number of LUT inputs ;              ;
;     -- 4 input functions                    ; 10           ;
;     -- 3 input functions                    ; 29           ;
;     -- <=2 input functions                  ; 15           ;
;                                             ;              ;
; Logic elements by mode                      ;              ;
;     -- normal mode                          ; 46           ;
;     -- arithmetic mode                      ; 8            ;
;                                             ;              ;
; Total registers                             ; 0            ;
;     -- Dedicated logic registers            ; 0            ;
;     -- I/O registers                        ; 0            ;
;                                             ;              ;
; I/O pins                                    ; 21           ;
; Embedded Multiplier 9-bit elements          ; 0            ;
; Maximum fan-out node                        ; sel[0]~input ;
; Maximum fan-out                             ; 12           ;
; Total fan-out                               ; 188          ;
; Average fan-out                             ; 1.96         ;
+---------------------------------------------+--------------+


+---------------------------------------------------------------------------------------------------------------------------------------------------------------------------------------------------------------------------------------------------------------------------------------------------------------+
; Analysis & Synthesis Resource Utilization by Entity                                                                                                                                                                                                                                                           ;
+------------------------------------------------+-------------------+--------------+-------------+--------------+---------+-----------+------+--------------+-----------------------------------------------------------------------------------------------------------------------------------+--------------+
; Compilation Hierarchy Node                     ; LC Combinationals ; LC Registers ; Memory Bits ; DSP Elements ; DSP 9x9 ; DSP 18x18 ; Pins ; Virtual Pins ; Full Hierarchy Name                                                                                                               ; Library Name ;
+------------------------------------------------+-------------------+--------------+-------------+--------------+---------+-----------+------+--------------+-----------------------------------------------------------------------------------------------------------------------------------+--------------+
; |practica4                                     ; 54 (28)           ; 0 (0)        ; 0           ; 0            ; 0       ; 0         ; 21   ; 0            ; |practica4                                                                                                                        ; work         ;
;    |decoder:u1|                                ; 7 (7)             ; 0 (0)        ; 0           ; 0            ; 0       ; 0         ; 0    ; 0            ; |practica4|decoder:u1                                                                                                             ; work         ;
;    |lpm_add_sub:Add0|                          ; 10 (0)            ; 0 (0)        ; 0           ; 0            ; 0       ; 0         ; 0    ; 0            ; |practica4|lpm_add_sub:Add0                                                                                                       ; work         ;
;       |add_sub_7ui:auto_generated|             ; 10 (10)           ; 0 (0)        ; 0           ; 0            ; 0       ; 0         ; 0    ; 0            ; |practica4|lpm_add_sub:Add0|add_sub_7ui:auto_generated                                                                            ; work         ;
;    |lpm_mult:Mult0|                            ; 9 (0)             ; 0 (0)        ; 0           ; 0            ; 0       ; 0         ; 0    ; 0            ; |practica4|lpm_mult:Mult0                                                                                                         ; work         ;
;       |multcore:mult_core|                     ; 9 (6)             ; 0 (0)        ; 0           ; 0            ; 0       ; 0         ; 0    ; 0            ; |practica4|lpm_mult:Mult0|multcore:mult_core                                                                                      ; work         ;
;          |mpar_add:padder|                     ; 3 (0)             ; 0 (0)        ; 0           ; 0            ; 0       ; 0         ; 0    ; 0            ; |practica4|lpm_mult:Mult0|multcore:mult_core|mpar_add:padder                                                                      ; work         ;
;             |lpm_add_sub:adder[0]|             ; 2 (0)             ; 0 (0)        ; 0           ; 0            ; 0       ; 0         ; 0    ; 0            ; |practica4|lpm_mult:Mult0|multcore:mult_core|mpar_add:padder|lpm_add_sub:adder[0]                                                 ; work         ;
;                |add_sub_ibh:auto_generated|    ; 2 (2)             ; 0 (0)        ; 0           ; 0            ; 0       ; 0         ; 0    ; 0            ; |practica4|lpm_mult:Mult0|multcore:mult_core|mpar_add:padder|lpm_add_sub:adder[0]|add_sub_ibh:auto_generated                      ; work         ;
;             |mpar_add:sub_par_add|             ; 1 (0)             ; 0 (0)        ; 0           ; 0            ; 0       ; 0         ; 0    ; 0            ; |practica4|lpm_mult:Mult0|multcore:mult_core|mpar_add:padder|mpar_add:sub_par_add                                                 ; work         ;
;                |lpm_add_sub:adder[0]|          ; 1 (0)             ; 0 (0)        ; 0           ; 0            ; 0       ; 0         ; 0    ; 0            ; |practica4|lpm_mult:Mult0|multcore:mult_core|mpar_add:padder|mpar_add:sub_par_add|lpm_add_sub:adder[0]                            ; work         ;
;                   |add_sub_jbh:auto_generated| ; 1 (1)             ; 0 (0)        ; 0           ; 0            ; 0       ; 0         ; 0    ; 0            ; |practica4|lpm_mult:Mult0|multcore:mult_core|mpar_add:padder|mpar_add:sub_par_add|lpm_add_sub:adder[0]|add_sub_jbh:auto_generated ; work         ;
+------------------------------------------------+-------------------+--------------+-------------+--------------+---------+-----------+------+--------------+-----------------------------------------------------------------------------------------------------------------------------------+--------------+
Note: For table entries with two numbers listed, the numbers in parentheses indicate the number of resources of the given type used by the specific entity alone. The numbers listed outside of parentheses indicate the total resources of the given type used by the specific entity and all of its sub-entities in the hierarchy.


+---------------------------------------------------------------------------------------------------+
; User-Specified and Inferred Latches                                                               ;
+----------------------------------------------------+---------------------+------------------------+
; Latch Name                                         ; Latch Enable Signal ; Free of Timing Hazards ;
+----------------------------------------------------+---------------------+------------------------+
; C[0]$latch                                         ; mode                ; yes                    ;
; C[1]$latch                                         ; mode                ; yes                    ;
; C[2]$latch                                         ; mode                ; yes                    ;
; sumres[1]                                          ; mode                ; yes                    ;
; sumres[0]                                          ; mode                ; yes                    ;
; sumres[2]                                          ; mode                ; yes                    ;
; result[0]                                          ; result[1]           ; yes                    ;
; result[1]                                          ; result[1]           ; yes                    ;
; result[2]                                          ; result[1]           ; yes                    ;
; Number of user-specified and inferred latches = 9  ;                     ;                        ;
+----------------------------------------------------+---------------------+------------------------+
Note: All latches listed above may not be present at the end of synthesis due to various synthesis optimizations.


+------------------------------------------------------+
; General Register Statistics                          ;
+----------------------------------------------+-------+
; Statistic                                    ; Value ;
+----------------------------------------------+-------+
; Total registers                              ; 0     ;
; Number of registers using Synchronous Clear  ; 0     ;
; Number of registers using Synchronous Load   ; 0     ;
; Number of registers using Asynchronous Clear ; 0     ;
; Number of registers using Asynchronous Load  ; 0     ;
; Number of registers using Clock Enable       ; 0     ;
; Number of registers using Preset             ; 0     ;
+----------------------------------------------+-------+


+------------------------------------------------------------------------------------------------------------------------------------------+
; Multiplexer Restructuring Statistics (Restructuring Performed)                                                                           ;
+--------------------+-----------+---------------+----------------------+------------------------+------------+----------------------------+
; Multiplexer Inputs ; Bus Width ; Baseline Area ; Area if Restructured ; Saving if Restructured ; Registered ; Example Multiplexer Output ;
+--------------------+-----------+---------------+----------------------+------------------------+------------+----------------------------+
; 5:1                ; 3 bits    ; 9 LEs         ; 6 LEs                ; 3 LEs                  ; No         ; |practica4|Mux4            ;
; 1:1                ; 3 bits    ; 0 LEs         ; 0 LEs                ; 0 LEs                  ; No         ; |practica4|Mux8            ;
; 8:1                ; 3 bits    ; 15 LEs        ; 15 LEs               ; 0 LEs                  ; No         ; |practica4|Mux7            ;
+--------------------+-----------+---------------+----------------------+------------------------+------------+----------------------------+


+-------------------------------------------------------------------+
; Parameter Settings for Inferred Entity Instance: lpm_add_sub:Add0 ;
+------------------------+--------------+---------------------------+
; Parameter Name         ; Value        ; Type                      ;
+------------------------+--------------+---------------------------+
; LPM_WIDTH              ; 3            ; Untyped                   ;
; LPM_REPRESENTATION     ; UNSIGNED     ; Untyped                   ;
; LPM_DIRECTION          ; DEFAULT      ; Untyped                   ;
; ONE_INPUT_IS_CONSTANT  ; NO           ; Untyped                   ;
; LPM_PIPELINE           ; 0            ; Untyped                   ;
; MAXIMIZE_SPEED         ; 5            ; Untyped                   ;
; REGISTERED_AT_END      ; 0            ; Untyped                   ;
; OPTIMIZE_FOR_SPEED     ; 5            ; Untyped                   ;
; USE_CS_BUFFERS         ; 1            ; Untyped                   ;
; CARRY_CHAIN            ; MANUAL       ; Untyped                   ;
; CARRY_CHAIN_LENGTH     ; 48           ; CARRY_CHAIN_LENGTH        ;
; DEVICE_FAMILY          ; Cyclone IV E ; Untyped                   ;
; USE_WYS                ; OFF          ; Untyped                   ;
; STYLE                  ; FAST         ; Untyped                   ;
; CBXI_PARAMETER         ; add_sub_7ui  ; Untyped                   ;
; AUTO_CARRY_CHAINS      ; ON           ; AUTO_CARRY                ;
; IGNORE_CARRY_BUFFERS   ; OFF          ; IGNORE_CARRY              ;
; AUTO_CASCADE_CHAINS    ; ON           ; AUTO_CASCADE              ;
; IGNORE_CASCADE_BUFFERS ; OFF          ; IGNORE_CASCADE            ;
+------------------------+--------------+---------------------------+
Note: In order to hide this table in the UI and the text report file, please set the "Show Parameter Settings in Synthesis Report" option in "Analysis and Synthesis Settings -> More Settings" to "Off".


+-------------------------------------------------------------------------------------+
; Parameter Settings for Inferred Entity Instance: lpm_mult:Mult0                     ;
+------------------------------------------------+--------------+---------------------+
; Parameter Name                                 ; Value        ; Type                ;
+------------------------------------------------+--------------+---------------------+
; AUTO_CARRY_CHAINS                              ; ON           ; AUTO_CARRY          ;
; IGNORE_CARRY_BUFFERS                           ; OFF          ; IGNORE_CARRY        ;
; AUTO_CASCADE_CHAINS                            ; ON           ; AUTO_CASCADE        ;
; IGNORE_CASCADE_BUFFERS                         ; OFF          ; IGNORE_CASCADE      ;
; LPM_WIDTHA                                     ; 3            ; Untyped             ;
; LPM_WIDTHB                                     ; 3            ; Untyped             ;
; LPM_WIDTHP                                     ; 6            ; Untyped             ;
; LPM_WIDTHR                                     ; 6            ; Untyped             ;
; LPM_WIDTHS                                     ; 1            ; Untyped             ;
; LPM_REPRESENTATION                             ; UNSIGNED     ; Untyped             ;
; LPM_PIPELINE                                   ; 0            ; Untyped             ;
; LATENCY                                        ; 0            ; Untyped             ;
; INPUT_A_IS_CONSTANT                            ; NO           ; Untyped             ;
; INPUT_B_IS_CONSTANT                            ; NO           ; Untyped             ;
; USE_EAB                                        ; OFF          ; Untyped             ;
; MAXIMIZE_SPEED                                 ; 5            ; Untyped             ;
; DEVICE_FAMILY                                  ; Cyclone IV E ; Untyped             ;
; CARRY_CHAIN                                    ; MANUAL       ; Untyped             ;
; APEX20K_TECHNOLOGY_MAPPER                      ; LUT          ; TECH_MAPPER_APEX20K ;
; DEDICATED_MULTIPLIER_CIRCUITRY                 ; AUTO         ; Untyped             ;
; DEDICATED_MULTIPLIER_MIN_INPUT_WIDTH_FOR_AUTO  ; 0            ; Untyped             ;
; DEDICATED_MULTIPLIER_MIN_OUTPUT_WIDTH_FOR_AUTO ; 0            ; Untyped             ;
; CBXI_PARAMETER                                 ; NOTHING      ; Untyped             ;
; INPUT_A_FIXED_VALUE                            ; Bx           ; Untyped             ;
; INPUT_B_FIXED_VALUE                            ; Bx           ; Untyped             ;
; USE_AHDL_IMPLEMENTATION                        ; OFF          ; Untyped             ;
+------------------------------------------------+--------------+---------------------+
Note: In order to hide this table in the UI and the text report file, please set the "Show Parameter Settings in Synthesis Report" option in "Analysis and Synthesis Settings -> More Settings" to "Off".


+--------------------------------------------------------+
; lpm_mult Parameter Settings by Entity Instance         ;
+---------------------------------------+----------------+
; Name                                  ; Value          ;
+---------------------------------------+----------------+
; Number of entity instances            ; 1              ;
; Entity Instance                       ; lpm_mult:Mult0 ;
;     -- LPM_WIDTHA                     ; 3              ;
;     -- LPM_WIDTHB                     ; 3              ;
;     -- LPM_WIDTHP                     ; 6              ;
;     -- LPM_REPRESENTATION             ; UNSIGNED       ;
;     -- INPUT_A_IS_CONSTANT            ; NO             ;
;     -- INPUT_B_IS_CONSTANT            ; NO             ;
;     -- USE_EAB                        ; OFF            ;
;     -- DEDICATED_MULTIPLIER_CIRCUITRY ; AUTO           ;
;     -- INPUT_A_FIXED_VALUE            ; Bx             ;
;     -- INPUT_B_FIXED_VALUE            ; Bx             ;
+---------------------------------------+----------------+


+------------------------------------------+
; Port Connectivity Checks: "decoder:u1"   ;
+--------+-------+----------+--------------+
; Port   ; Type  ; Severity ; Details      ;
+--------+-------+----------+--------------+
; inx[3] ; Input ; Info     ; Stuck at GND ;
+--------+-------+----------+--------------+


+-------------------------------+
; Elapsed Time Per Partition    ;
+----------------+--------------+
; Partition Name ; Elapsed Time ;
+----------------+--------------+
; Top            ; 00:00:01     ;
+----------------+--------------+


+-------------------------------+
; Analysis & Synthesis Messages ;
+-------------------------------+
Info: *******************************************************************
Info: Running Quartus II 64-Bit Analysis & Synthesis
    Info: Version 13.1.0 Build 162 10/23/2013 SJ Web Edition
    Info: Processing started: Wed Nov 30 16:31:15 2022
Info: Command: quartus_map --read_settings_files=on --write_settings_files=off practica4 -c practica4
Warning (20028): Parallel compilation is not licensed and has been disabled
Info (12021): Found 4 design units, including 2 entities, in source file practica4.vhd
    Info (12022): Found design unit 1: practica4-topLevel
    Info (12022): Found design unit 2: decoder-behavior
    Info (12023): Found entity 1: practica4
    Info (12023): Found entity 2: decoder
Info (12127): Elaborating entity "practica4" for the top level hierarchy
Warning (10492): VHDL Process Statement warning at practica4.vhd(54): signal "result" is read inside the Process Statement but isn't in the Process Statement's sensitivity list
Warning (10631): VHDL Process Statement warning at practica4.vhd(25): inferring latch(es) for signal or variable "sumres", which holds its previous value in one or more paths through the process
Warning (10631): VHDL Process Statement warning at practica4.vhd(25): inferring latch(es) for signal or variable "C", which holds its previous value in one or more paths through the process
Warning (10631): VHDL Process Statement warning at practica4.vhd(25): inferring latch(es) for signal or variable "result", which holds its previous value in one or more paths through the process
Info (10041): Inferred latch for "result[0]" at practica4.vhd(25)
Info (10041): Inferred latch for "result[1]" at practica4.vhd(25)
Info (10041): Inferred latch for "result[2]" at practica4.vhd(25)
Info (10041): Inferred latch for "C[0]" at practica4.vhd(25)
Info (10041): Inferred latch for "C[1]" at practica4.vhd(25)
Info (10041): Inferred latch for "C[2]" at practica4.vhd(25)
Info (10041): Inferred latch for "sumres[0]" at practica4.vhd(25)
Info (10041): Inferred latch for "sumres[1]" at practica4.vhd(25)
Info (10041): Inferred latch for "sumres[2]" at practica4.vhd(25)
Info (12128): Elaborating entity "decoder" for hierarchy "decoder:u1"
Info (278001): Inferred 2 megafunctions from design logic
    Info (278002): Inferred adder/subtractor megafunction ("lpm_add_sub") from the following logic: "Add0"
    Info (278003): Inferred multiplier megafunction ("lpm_mult") from the following logic: "Mult0"
Info (12130): Elaborated megafunction instantiation "lpm_add_sub:Add0"
Info (12133): Instantiated megafunction "lpm_add_sub:Add0" with the following parameter:
    Info (12134): Parameter "LPM_WIDTH" = "3"
    Info (12134): Parameter "LPM_DIRECTION" = "DEFAULT"
    Info (12134): Parameter "LPM_REPRESENTATION" = "UNSIGNED"
    Info (12134): Parameter "ONE_INPUT_IS_CONSTANT" = "NO"
Info (12021): Found 1 design units, including 1 entities, in source file db/add_sub_7ui.tdf
    Info (12023): Found entity 1: add_sub_7ui
Info (12130): Elaborated megafunction instantiation "lpm_mult:Mult0"
Info (12133): Instantiated megafunction "lpm_mult:Mult0" with the following parameter:
    Info (12134): Parameter "LPM_WIDTHA" = "3"
    Info (12134): Parameter "LPM_WIDTHB" = "3"
    Info (12134): Parameter "LPM_WIDTHP" = "6"
    Info (12134): Parameter "LPM_WIDTHR" = "6"
    Info (12134): Parameter "LPM_WIDTHS" = "1"
    Info (12134): Parameter "LPM_REPRESENTATION" = "UNSIGNED"
    Info (12134): Parameter "INPUT_A_IS_CONSTANT" = "NO"
    Info (12134): Parameter "INPUT_B_IS_CONSTANT" = "NO"
    Info (12134): Parameter "MAXIMIZE_SPEED" = "5"
Info (12131): Elaborated megafunction instantiation "lpm_mult:Mult0|multcore:mult_core", which is child of megafunction instantiation "lpm_mult:Mult0"
Info (12131): Elaborated megafunction instantiation "lpm_mult:Mult0|multcore:mult_core|mpar_add:padder", which is child of megafunction instantiation "lpm_mult:Mult0"
Info (12131): Elaborated megafunction instantiation "lpm_mult:Mult0|multcore:mult_core|mpar_add:padder|lpm_add_sub:adder[0]", which is child of megafunction instantiation "lpm_mult:Mult0"
Info (12021): Found 1 design units, including 1 entities, in source file db/add_sub_ibh.tdf
    Info (12023): Found entity 1: add_sub_ibh
Info (12131): Elaborated megafunction instantiation "lpm_mult:Mult0|multcore:mult_core|mpar_add:padder|mpar_add:sub_par_add", which is child of megafunction instantiation "lpm_mult:Mult0"
Info (12131): Elaborated megafunction instantiation "lpm_mult:Mult0|multcore:mult_core|mpar_add:padder|mpar_add:sub_par_add|lpm_add_sub:adder[0]", which is child of megafunction instantiation "lpm_mult:Mult0"
Info (12021): Found 1 design units, including 1 entities, in source file db/add_sub_jbh.tdf
    Info (12023): Found entity 1: add_sub_jbh
Info (12131): Elaborated megafunction instantiation "lpm_mult:Mult0|altshift:external_latency_ffs", which is child of megafunction instantiation "lpm_mult:Mult0"
Warning (14284): Synthesized away the following node(s):
    Warning (14285): Synthesized away the following LCELL buffer node(s):
        Warning (14320): Synthesized away node "lpm_mult:Mult0|multcore:mult_core|decoder_node[2][2]"
        Warning (14320): Synthesized away node "lpm_mult:Mult0|multcore:mult_core|decoder_node[2][1]"
        Warning (14320): Synthesized away node "lpm_mult:Mult0|multcore:mult_core|decoder_node[1][2]"
Warning (13024): Output pins are stuck at VCC or GND
    Warning (13410): Pin "seg[7]" is stuck at VCC
Info (286030): Timing-Driven Synthesis is running
Info (16010): Generating hard_block partition "hard_block:auto_generated_inst"
    Info (16011): Adding 0 node(s), including 0 DDIO, 0 PLL, 0 transceiver and 0 LCELL
Info (21057): Implemented 75 device resources after synthesis - the final resource count might be different
    Info (21058): Implemented 10 input pins
    Info (21059): Implemented 11 output pins
    Info (21061): Implemented 54 logic cells
Info: Quartus II 64-Bit Analysis & Synthesis was successful. 0 errors, 12 warnings
    Info: Peak virtual memory: 4664 megabytes
    Info: Processing ended: Wed Nov 30 16:31:20 2022
    Info: Elapsed time: 00:00:05
    Info: Total CPU time (on all processors): 00:00:05


